Vivado Simulator 2020.2
Copyright 1986-1999, 2001-2020 Xilinx, Inc. All Rights Reserved.
Running: E:/Software/Xilinx/Vivado/2020.2/bin/unwrapped/win64.o/xelab.exe -wto 64f1c2654afb44309c2e99144b43878c --incr --debug typical --relax --mt 2 -L xil_defaultlib -L secureip --snapshot cfg_tb_main_arquitecture_behav xil_defaultlib.cfg_tb_main_arquitecture -log elaborate.log 
Using 2 slave threads.
Starting static elaboration
Completed static elaboration
Starting simulation data flow analysis
Completed simulation data flow analysis
Time Resolution for simulation is 1ps
Compiling package std.standard
Compiling package std.textio
Compiling package ieee.std_logic_1164
Compiling package ieee.std_logic_arith
Compiling package ieee.std_logic_unsigned
Compiling package ieee.numeric_std
Compiling architecture alu_ctrl of entity xil_defaultlib.alu_control [alu_control_default]
Compiling architecture alu_behaviour of entity xil_defaultlib.alu [alu_default]
Compiling architecture main of entity xil_defaultlib.main_arquitecture [main_arquitecture_default]
Compiling architecture tb of entity xil_defaultlib.tb_main_arquitecture [tb_main_arquitecture]
Built simulation snapshot cfg_tb_main_arquitecture_behav
