INFO: [VRFC 10-163] Analyzing VHDL file "E:/proyectos/vivado/micro-computer-mips/architecture/architecture.srcs/sources_1/new/alu.vhd" into library xil_defaultlib
INFO: [VRFC 10-3107] analyzing entity 'alu'
INFO: [VRFC 10-163] Analyzing VHDL file "E:/proyectos/vivado/micro-computer-mips/architecture/architecture.srcs/sources_1/new/alu_control.vhd" into library xil_defaultlib
INFO: [VRFC 10-3107] analyzing entity 'alu_control'
INFO: [VRFC 10-163] Analyzing VHDL file "E:/proyectos/vivado/micro-computer-mips/architecture/architecture.srcs/sources_1/new/bin2Hex.vhd" into library xil_defaultlib
INFO: [VRFC 10-3107] analyzing entity 'bin2Hex'
INFO: [VRFC 10-163] Analyzing VHDL file "E:/proyectos/vivado/micro-computer-mips/architecture/architecture.srcs/sources_1/new/uart/c_uart_rx.vhd" into library xil_defaultlib
INFO: [VRFC 10-3107] analyzing entity 'c_uart_rx'
INFO: [VRFC 10-163] Analyzing VHDL file "E:/proyectos/vivado/micro-computer-mips/architecture/architecture.srcs/sources_1/new/uart/c_uart_top.vhd" into library xil_defaultlib
INFO: [VRFC 10-3107] analyzing entity 'c_uart_top'
INFO: [VRFC 10-163] Analyzing VHDL file "E:/proyectos/vivado/micro-computer-mips/architecture/architecture.srcs/sources_1/new/uart/c_uart_tx.vhd" into library xil_defaultlib
INFO: [VRFC 10-3107] analyzing entity 'c_uart_tx'
INFO: [VRFC 10-163] Analyzing VHDL file "E:/proyectos/vivado/micro-computer-mips/architecture/architecture.srcs/sources_1/new/control.vhd" into library xil_defaultlib
INFO: [VRFC 10-3107] analyzing entity 'control'
INFO: [VRFC 10-163] Analyzing VHDL file "E:/proyectos/vivado/micro-computer-mips/architecture/architecture.srcs/sources_1/new/controlDisplay.vhd" into library xil_defaultlib
INFO: [VRFC 10-3107] analyzing entity 'controlDisplay'
INFO: [VRFC 10-163] Analyzing VHDL file "E:/proyectos/vivado/micro-computer-mips/architecture/architecture.srcs/sources_1/new/count_32bit.vhd" into library xil_defaultlib
INFO: [VRFC 10-3107] analyzing entity 'count_32bit'
INFO: [VRFC 10-163] Analyzing VHDL file "E:/proyectos/vivado/micro-computer-mips/architecture/architecture.srcs/sources_1/new/counterDisplay.vhd" into library xil_defaultlib
INFO: [VRFC 10-3107] analyzing entity 'counterDisplay'
INFO: [VRFC 10-163] Analyzing VHDL file "E:/proyectos/vivado/micro-computer-mips/architecture/architecture.srcs/sources_1/new/extensor_uart.vhd" into library xil_defaultlib
INFO: [VRFC 10-3107] analyzing entity 'extensor_uart'
INFO: [VRFC 10-163] Analyzing VHDL file "E:/proyectos/vivado/micro-computer-mips/architecture/architecture.srcs/sources_1/new/main_arquitecture.vhd" into library xil_defaultlib
INFO: [VRFC 10-3107] analyzing entity 'main_arquitecture'
INFO: [VRFC 10-163] Analyzing VHDL file "E:/proyectos/vivado/micro-computer-mips/architecture/architecture.srcs/sources_1/new/micro_computer.vhd" into library xil_defaultlib
INFO: [VRFC 10-3107] analyzing entity 'micro_computer'
INFO: [VRFC 10-163] Analyzing VHDL file "E:/proyectos/vivado/micro-computer-mips/architecture/architecture.srcs/sources_1/new/mux2to1-32b.vhd" into library xil_defaultlib
INFO: [VRFC 10-3107] analyzing entity 'mux2to1_32b'
INFO: [VRFC 10-163] Analyzing VHDL file "E:/proyectos/vivado/micro-computer-mips/architecture/architecture.srcs/sources_1/new/mux4to1_32b.vhd" into library xil_defaultlib
INFO: [VRFC 10-3107] analyzing entity 'mux4to1_32b'
INFO: [VRFC 10-163] Analyzing VHDL file "E:/proyectos/vivado/micro-computer-mips/architecture/architecture.srcs/sources_1/new/mux4to1_4.vhd" into library xil_defaultlib
INFO: [VRFC 10-3107] analyzing entity 'mux4to1_4b'
INFO: [VRFC 10-163] Analyzing VHDL file "E:/proyectos/vivado/micro-computer-mips/architecture/architecture.srcs/sources_1/new/mux4to1_5b.vhd" into library xil_defaultlib
INFO: [VRFC 10-3107] analyzing entity 'mux4to1_5b'
INFO: [VRFC 10-163] Analyzing VHDL file "E:/proyectos/vivado/micro-computer-mips/architecture/architecture.srcs/sources_1/new/program_counter.vhd" into library xil_defaultlib
INFO: [VRFC 10-3107] analyzing entity 'program_counter'
INFO: [VRFC 10-163] Analyzing VHDL file "E:/proyectos/vivado/micro-computer-mips/architecture/architecture.srcs/sources_1/new/quitaRebote.vhd" into library xil_defaultlib
INFO: [VRFC 10-3107] analyzing entity 'quitaRebote'
INFO: [VRFC 10-163] Analyzing VHDL file "E:/proyectos/vivado/micro-computer-mips/architecture/architecture.srcs/sources_1/new/ramUART.vhd" into library xil_defaultlib
INFO: [VRFC 10-3107] analyzing entity 'ram'
INFO: [VRFC 10-163] Analyzing VHDL file "E:/proyectos/vivado/micro-computer-mips/architecture/architecture.srcs/sources_1/new/register_32b.vhd" into library xil_defaultlib
INFO: [VRFC 10-3107] analyzing entity 'register_32b'
INFO: [VRFC 10-163] Analyzing VHDL file "E:/proyectos/vivado/micro-computer-mips/architecture/architecture.srcs/sources_1/new/registers.vhd" into library xil_defaultlib
INFO: [VRFC 10-3107] analyzing entity 'registers'
INFO: [VRFC 10-163] Analyzing VHDL file "E:/proyectos/vivado/micro-computer-mips/architecture/architecture.srcs/sources_1/new/sign_extend.vhd" into library xil_defaultlib
INFO: [VRFC 10-3107] analyzing entity 'sign_extend'
INFO: [VRFC 10-163] Analyzing VHDL file "E:/proyectos/vivado/micro-computer-mips/architecture/architecture.srcs/sources_1/new/uart/uart_clockgen.vhd" into library xil_defaultlib
INFO: [VRFC 10-3107] analyzing entity 'uart_clockgen'
INFO: [VRFC 10-163] Analyzing VHDL file "E:/proyectos/vivado/micro-computer-mips/architecture/architecture.srcs/sim_1/new/micro_computer_tb.vhd" into library xil_defaultlib
INFO: [VRFC 10-3107] analyzing entity 'tb_micro_computer'
